<?xml version="1.0" encoding="UTF-8"?>
<!-- Generated by org.testng.reporters.JUnitXMLReporter -->
<testsuite ignored="0" hostname="REGZA" failures="1" tests="5" name="bvt test" time="9.623" errors="0" timestamp="2023-04-21T13:51:31 EAST">
  <testcase classname="UI.assertn" name="check" time="9.547">
    <failure type="java.lang.AssertionError" message="The following asserts failed:
	failed..!! expected [Searcddh] but found [Search]">
      <![CDATA[java.lang.AssertionError: The following asserts failed:
failed..!! expected [Searcddh] but found [Search]
at UI.assertn.check(assertn.java:34)
at java.base/java.util.ArrayList.forEach(ArrayList.java:1511)
... Removed 30 stack frames]]>
    </failure>
  </testcase> <!-- check -->
  <testcase classname="UI.groupdemo" name="clear" time="0.002"/>
  <testcase classname="UI.groupdemo" name="demo" time="0.001"/>
  <testcase classname="UI.groupdemo" name="find" time="0.001"/>
  <testcase classname="UI.groupdemo" name="validate" time="0.001"/>
</testsuite> <!-- bvt test -->
